<?xml version="1.0" encoding="UTF-8"?>
<!-- Generated by org.testng.reporters.JUnitXMLReporter -->
<testsuite ignored="0" hostname="WKWZTdvgAZOcqNo" failures="0" tests="8" name="Test" time="41.348" errors="0" timestamp="2022-11-24T00:34:30 IST">
  <testcase classname="Report.AssertionDemo" name="login" time="0.007"/>
  <testcase classname="Report.AssertionDemo" name="logOutApplication" time="0.001"/>
  <testcase classname="Report.LoginAutomation_1" name="login" time="0.477"/>
  <testcase classname="Report.TestClass1" name="InvalidUsernameInvalidPassword" time="1.195"/>
  <testcase classname="Report.TestClass1" name="InvalidUsernamevalidPassword" time="1.258"/>
  <testcase classname="Report.TestClass1" name="noDetails" time="0.155"/>
  <testcase classname="Report.TestClass1" name="validCredentials" time="3.007"/>
  <testcase classname="Report.TestClass1" name="validUsernameInvalidPassword" time="1.526"/>
</testsuite> <!-- Test -->
